ERROR: 2024/07/02 16:47:40 /Users/macbookpro/Documents/juancx/SERVIDORES/Desafíos/segundo/music-app/internal/dbx/dbx.go:40: couldn't connect to database: pq: database "music-app" does not exist
ERROR: 2024/07/02 17:01:52 /Users/macbookpro/Documents/juancx/SERVIDORES/Desafíos/segundo/music-app/api/handler/artists/handler.go:43: couldn't validate body request, error: id: non zero value required
ERROR: 2024/07/02 17:01:52 /Users/macbookpro/Documents/juancx/SERVIDORES/Desafíos/segundo/music-app/pkg/system/messages/repository_psql.go:80: %!(EXTRA string= - couldn't execute GetByID Message: %v, *pq.Error=pq: relation "public.messages" does not exist)
ERROR: 2024/07/02 17:01:52 /Users/macbookpro/Documents/juancx/SERVIDORES/Desafíos/segundo/music-app/pkg/system/messages/application_service.go:73:   - couldn't getByID row: pq: relation "public.messages" does not exist
ERROR: 2024/07/02 17:02:24 /Users/macbookpro/Documents/juancx/SERVIDORES/Desafíos/segundo/music-app/api/handler/artists/handler.go:43: couldn't validate body request, error: id: non zero value required
ERROR: 2024/07/02 17:02:24 /Users/macbookpro/Documents/juancx/SERVIDORES/Desafíos/segundo/music-app/pkg/system/messages/repository_psql.go:80: %!(EXTRA string= - couldn't execute GetByID Message: %v, *pq.Error=pq: relation "public.messages" does not exist)
ERROR: 2024/07/02 17:02:24 /Users/macbookpro/Documents/juancx/SERVIDORES/Desafíos/segundo/music-app/pkg/system/messages/application_service.go:73:   - couldn't getByID row: pq: relation "public.messages" does not exist
ERROR: 2024/07/02 17:03:25 /Users/macbookpro/Documents/juancx/SERVIDORES/Desafíos/segundo/music-app/api/handler/artists/handler.go:43: couldn't validate body request, error: id: non zero value required
ERROR: 2024/07/02 17:15:29 /Users/macbookpro/Documents/juancx/SERVIDORES/Desafíos/segundo/music-app/pkg/system/messages/repository_psql.go:80: %!(EXTRA string= - couldn't execute GetByID Message: %v, *pq.Error=pq: relation "public.messages" does not exist)
ERROR: 2024/07/02 17:15:29 /Users/macbookpro/Documents/juancx/SERVIDORES/Desafíos/segundo/music-app/pkg/system/messages/application_service.go:73:   - couldn't getByID row: pq: relation "public.messages" does not exist
ERROR: 2024/07/02 17:20:28 /Users/macbookpro/Documents/juancx/SERVIDORES/Desafíos/segundo/music-app/api/handler/artists/handler.go:190: id request is not a valid uuid
ERROR: 2024/07/02 17:20:28 /Users/macbookpro/Documents/juancx/SERVIDORES/Desafíos/segundo/music-app/pkg/system/messages/repository_psql.go:80: %!(EXTRA string= - couldn't execute GetByID Message: %v, *pq.Error=pq: relation "public.messages" does not exist)
ERROR: 2024/07/02 17:20:28 /Users/macbookpro/Documents/juancx/SERVIDORES/Desafíos/segundo/music-app/pkg/system/messages/application_service.go:73:   - couldn't getByID row: pq: relation "public.messages" does not exist
ERROR: 2024/07/02 18:31:30 /Users/macbookpro/Documents/juancx/SERVIDORES/Desafíos/segundo/music-app/api/handler/artists/handler.go:190: id request is not a valid uuid
ERROR: 2024/07/02 18:31:30 /Users/macbookpro/Documents/juancx/SERVIDORES/Desafíos/segundo/music-app/pkg/system/messages/repository_psql.go:80: %!(EXTRA string= - couldn't execute GetByID Message: %v, *pq.Error=pq: relation "public.messages" does not exist)
ERROR: 2024/07/02 18:31:30 /Users/macbookpro/Documents/juancx/SERVIDORES/Desafíos/segundo/music-app/pkg/system/messages/application_service.go:73:   - couldn't getByID row: pq: relation "public.messages" does not exist
ERROR: 2024/07/02 18:31:37 /Users/macbookpro/Documents/juancx/SERVIDORES/Desafíos/segundo/music-app/api/handler/artists/handler.go:190: id request is not a valid uuid
ERROR: 2024/07/02 18:31:37 /Users/macbookpro/Documents/juancx/SERVIDORES/Desafíos/segundo/music-app/pkg/system/messages/repository_psql.go:80: %!(EXTRA string= - couldn't execute GetByID Message: %v, *pq.Error=pq: relation "public.messages" does not exist)
ERROR: 2024/07/02 18:31:37 /Users/macbookpro/Documents/juancx/SERVIDORES/Desafíos/segundo/music-app/pkg/system/messages/application_service.go:73:   - couldn't getByID row: pq: relation "public.messages" does not exist
ERROR: 2024/07/02 18:32:08 /Users/macbookpro/Documents/juancx/SERVIDORES/Desafíos/segundo/music-app/api/handler/artists/handler.go:190: id request is not a valid uuid
ERROR: 2024/07/02 18:32:08 /Users/macbookpro/Documents/juancx/SERVIDORES/Desafíos/segundo/music-app/pkg/system/messages/repository_psql.go:80: %!(EXTRA string= - couldn't execute GetByID Message: %v, *pq.Error=pq: relation "public.messages" does not exist)
ERROR: 2024/07/02 18:32:08 /Users/macbookpro/Documents/juancx/SERVIDORES/Desafíos/segundo/music-app/pkg/system/messages/application_service.go:73:   - couldn't getByID row: pq: relation "public.messages" does not exist
ERROR: 2024/07/02 18:33:37 /Users/macbookpro/Documents/juancx/SERVIDORES/Desafíos/segundo/music-app/api/handler/artists/handler.go:190: id request is not a valid uuid
ERROR: 2024/07/02 18:33:37 /Users/macbookpro/Documents/juancx/SERVIDORES/Desafíos/segundo/music-app/pkg/system/messages/repository_psql.go:80: %!(EXTRA string= - couldn't execute GetByID Message: %v, *pq.Error=pq: relation "public.messages" does not exist)
ERROR: 2024/07/02 18:33:37 /Users/macbookpro/Documents/juancx/SERVIDORES/Desafíos/segundo/music-app/pkg/system/messages/application_service.go:73:   - couldn't getByID row: pq: relation "public.messages" does not exist
ERROR: 2024/07/02 18:36:57 /Users/macbookpro/Documents/juancx/SERVIDORES/Desafíos/segundo/music-app/api/handler/artists/handler.go:190: id request is not a valid uuid
ERROR: 2024/07/02 18:36:57 /Users/macbookpro/Documents/juancx/SERVIDORES/Desafíos/segundo/music-app/pkg/system/messages/repository_psql.go:80: %!(EXTRA string= - couldn't execute GetByID Message: %v, *pq.Error=pq: relation "public.messages" does not exist)
ERROR: 2024/07/02 18:36:57 /Users/macbookpro/Documents/juancx/SERVIDORES/Desafíos/segundo/music-app/pkg/system/messages/application_service.go:73:   - couldn't getByID row: pq: relation "public.messages" does not exist
ERROR: 2024/07/02 18:37:08 /Users/macbookpro/Documents/juancx/SERVIDORES/Desafíos/segundo/music-app/api/handler/albums/handler.go:234: couldn't get all Albums, error: missing destination name releasedate in *[]*albums.Albums
ERROR: 2024/07/02 18:37:09 /Users/macbookpro/Documents/juancx/SERVIDORES/Desafíos/segundo/music-app/pkg/system/messages/repository_psql.go:80: %!(EXTRA string= - couldn't execute GetByID Message: %v, *pq.Error=pq: relation "public.messages" does not exist)
ERROR: 2024/07/02 18:37:09 /Users/macbookpro/Documents/juancx/SERVIDORES/Desafíos/segundo/music-app/pkg/system/messages/application_service.go:73:   - couldn't getByID row: pq: relation "public.messages" does not exist
ERROR: 2024/07/02 18:37:15 /Users/macbookpro/Documents/juancx/SERVIDORES/Desafíos/segundo/music-app/api/handler/albums/handler.go:234: couldn't get all Albums, error: missing destination name releasedate in *[]*albums.Albums
ERROR: 2024/07/02 18:37:15 /Users/macbookpro/Documents/juancx/SERVIDORES/Desafíos/segundo/music-app/pkg/system/messages/repository_psql.go:80: %!(EXTRA string= - couldn't execute GetByID Message: %v, *pq.Error=pq: relation "public.messages" does not exist)
ERROR: 2024/07/02 18:37:15 /Users/macbookpro/Documents/juancx/SERVIDORES/Desafíos/segundo/music-app/pkg/system/messages/application_service.go:73:   - couldn't getByID row: pq: relation "public.messages" does not exist
ERROR: 2024/07/02 18:38:38 /Users/macbookpro/Documents/juancx/SERVIDORES/Desafíos/segundo/music-app/api/handler/albums/handler.go:234: couldn't get all Albums, error: missing destination name releasedate in *[]*albums.Albums
ERROR: 2024/07/02 18:38:56 /Users/macbookpro/Documents/juancx/SERVIDORES/Desafíos/segundo/music-app/pkg/system/messages/repository_psql.go:80: %!(EXTRA string= - couldn't execute GetByID Message: %v, *pq.Error=pq: relation "public.messages" does not exist)
ERROR: 2024/07/02 18:38:56 /Users/macbookpro/Documents/juancx/SERVIDORES/Desafíos/segundo/music-app/pkg/system/messages/application_service.go:73:   - couldn't getByID row: pq: relation "public.messages" does not exist
ERROR: 2024/07/02 18:39:08 /Users/macbookpro/Documents/juancx/SERVIDORES/Desafíos/segundo/music-app/pkg/system/messages/repository_psql.go:80: %!(EXTRA string= - couldn't execute GetByID Message: %v, *pq.Error=pq: relation "public.messages" does not exist)
ERROR: 2024/07/02 18:39:08 /Users/macbookpro/Documents/juancx/SERVIDORES/Desafíos/segundo/music-app/pkg/system/messages/application_service.go:73:   - couldn't getByID row: pq: relation "public.messages" does not exist
ERROR: 2024/07/02 18:39:25 /Users/macbookpro/Documents/juancx/SERVIDORES/Desafíos/segundo/music-app/api/handler/albums/handler.go:191: id request is not a valid uuid
ERROR: 2024/07/02 18:39:25 /Users/macbookpro/Documents/juancx/SERVIDORES/Desafíos/segundo/music-app/pkg/system/messages/repository_psql.go:80: %!(EXTRA string= - couldn't execute GetByID Message: %v, *pq.Error=pq: relation "public.messages" does not exist)
ERROR: 2024/07/02 18:39:25 /Users/macbookpro/Documents/juancx/SERVIDORES/Desafíos/segundo/music-app/pkg/system/messages/application_service.go:73:   - couldn't getByID row: pq: relation "public.messages" does not exist
ERROR: 2024/07/02 18:39:52 /Users/macbookpro/Documents/juancx/SERVIDORES/Desafíos/segundo/music-app/pkg/system/messages/repository_psql.go:80: %!(EXTRA string= - couldn't execute GetByID Message: %v, *pq.Error=pq: relation "public.messages" does not exist)
ERROR: 2024/07/02 18:39:52 /Users/macbookpro/Documents/juancx/SERVIDORES/Desafíos/segundo/music-app/pkg/system/messages/application_service.go:73:   - couldn't getByID row: pq: relation "public.messages" does not exist
ERROR: 2024/07/02 18:44:20 /Users/macbookpro/Documents/juancx/SERVIDORES/Desafíos/segundo/music-app/pkg/system/messages/repository_psql.go:80: %!(EXTRA string= - couldn't execute GetByID Message: %v, *pq.Error=pq: relation "public.messages" does not exist)
ERROR: 2024/07/02 18:44:20 /Users/macbookpro/Documents/juancx/SERVIDORES/Desafíos/segundo/music-app/pkg/system/messages/application_service.go:73:   - couldn't getByID row: pq: relation "public.messages" does not exist
ERROR: 2024/07/02 18:46:27 /Users/macbookpro/Documents/juancx/SERVIDORES/Desafíos/segundo/music-app/api/handler/albums/handler.go:37: couldn't parse body request, error: parsing time "2009-11-10" as "2006-01-02T15:04:05Z07:00": cannot parse "" as "T"
ERROR: 2024/07/02 18:46:27 /Users/macbookpro/Documents/juancx/SERVIDORES/Desafíos/segundo/music-app/pkg/system/messages/repository_psql.go:80: %!(EXTRA string= - couldn't execute GetByID Message: %v, *pq.Error=pq: relation "public.messages" does not exist)
ERROR: 2024/07/02 18:46:27 /Users/macbookpro/Documents/juancx/SERVIDORES/Desafíos/segundo/music-app/pkg/system/messages/application_service.go:73:   - couldn't getByID row: pq: relation "public.messages" does not exist
ERROR: 2024/07/02 18:46:43 /Users/macbookpro/Documents/juancx/SERVIDORES/Desafíos/segundo/music-app/api/handler/albums/handler.go:37: couldn't parse body request, error: parsing time "2009-11-10" as "2006-01-02T15:04:05Z07:00": cannot parse "" as "T"
ERROR: 2024/07/02 18:46:43 /Users/macbookpro/Documents/juancx/SERVIDORES/Desafíos/segundo/music-app/pkg/system/messages/repository_psql.go:80: %!(EXTRA string= - couldn't execute GetByID Message: %v, *pq.Error=pq: relation "public.messages" does not exist)
ERROR: 2024/07/02 18:46:43 /Users/macbookpro/Documents/juancx/SERVIDORES/Desafíos/segundo/music-app/pkg/system/messages/application_service.go:73:   - couldn't getByID row: pq: relation "public.messages" does not exist
ERROR: 2024/07/02 18:47:38 /Users/macbookpro/Documents/juancx/SERVIDORES/Desafíos/segundo/music-app/api/handler/albums/handler.go:37: couldn't parse body request, error: parsing time "2009-11-10" as "2006-01-02T15:04:05Z07:00": cannot parse "" as "T"
ERROR: 2024/07/02 18:47:38 /Users/macbookpro/Documents/juancx/SERVIDORES/Desafíos/segundo/music-app/pkg/system/messages/repository_psql.go:80: %!(EXTRA string= - couldn't execute GetByID Message: %v, *pq.Error=pq: relation "public.messages" does not exist)
ERROR: 2024/07/02 18:47:38 /Users/macbookpro/Documents/juancx/SERVIDORES/Desafíos/segundo/music-app/pkg/system/messages/application_service.go:73:   - couldn't getByID row: pq: relation "public.messages" does not exist
ERROR: 2024/07/02 18:47:40 /Users/macbookpro/Documents/juancx/SERVIDORES/Desafíos/segundo/music-app/api/handler/albums/handler.go:37: couldn't parse body request, error: parsing time "2009-11-10" as "2006-01-02T15:04:05Z07:00": cannot parse "" as "T"
ERROR: 2024/07/02 18:47:40 /Users/macbookpro/Documents/juancx/SERVIDORES/Desafíos/segundo/music-app/pkg/system/messages/repository_psql.go:80: %!(EXTRA string= - couldn't execute GetByID Message: %v, *pq.Error=pq: relation "public.messages" does not exist)
ERROR: 2024/07/02 18:47:40 /Users/macbookpro/Documents/juancx/SERVIDORES/Desafíos/segundo/music-app/pkg/system/messages/application_service.go:73:   - couldn't getByID row: pq: relation "public.messages" does not exist
ERROR: 2024/07/02 18:48:29 /Users/macbookpro/Documents/juancx/SERVIDORES/Desafíos/segundo/music-app/api/handler/albums/handler.go:37: couldn't parse body request, error: parsing time "2009-11-10" as "2006-01-02T15:04:05Z07:00": cannot parse "" as "T"
ERROR: 2024/07/02 18:48:29 /Users/macbookpro/Documents/juancx/SERVIDORES/Desafíos/segundo/music-app/pkg/system/messages/repository_psql.go:80: %!(EXTRA string= - couldn't execute GetByID Message: %v, *pq.Error=pq: relation "public.messages" does not exist)
ERROR: 2024/07/02 18:48:29 /Users/macbookpro/Documents/juancx/SERVIDORES/Desafíos/segundo/music-app/pkg/system/messages/application_service.go:73:   - couldn't getByID row: pq: relation "public.messages" does not exist
ERROR: 2024/07/02 18:49:01 /Users/macbookpro/Documents/juancx/SERVIDORES/Desafíos/segundo/music-app/api/handler/albums/handler.go:37: couldn't parse body request, error: parsing time "2009-11-10T15:04:05Z07:00": extra text: "07:00"
ERROR: 2024/07/02 18:49:01 /Users/macbookpro/Documents/juancx/SERVIDORES/Desafíos/segundo/music-app/pkg/system/messages/repository_psql.go:80: %!(EXTRA string= - couldn't execute GetByID Message: %v, *pq.Error=pq: relation "public.messages" does not exist)
ERROR: 2024/07/02 18:49:01 /Users/macbookpro/Documents/juancx/SERVIDORES/Desafíos/segundo/music-app/pkg/system/messages/application_service.go:73:   - couldn't getByID row: pq: relation "public.messages" does not exist
ERROR: 2024/07/02 18:49:26 /Users/macbookpro/Documents/juancx/SERVIDORES/Desafíos/segundo/music-app/api/handler/albums/handler.go:37: couldn't parse body request, error: parsing time "2009-11-10T15:04:05" as "2006-01-02T15:04:05Z07:00": cannot parse "" as "Z07:00"
ERROR: 2024/07/02 18:49:26 /Users/macbookpro/Documents/juancx/SERVIDORES/Desafíos/segundo/music-app/pkg/system/messages/repository_psql.go:80: %!(EXTRA string= - couldn't execute GetByID Message: %v, *pq.Error=pq: relation "public.messages" does not exist)
ERROR: 2024/07/02 18:50:48 /Users/macbookpro/Documents/juancx/SERVIDORES/Desafíos/segundo/music-app/api/handler/albums/handler.go:44: couldn't validate body request, error: releaseDate: The following validator is invalid or can't be applied to the field: "date"
ERROR: 2024/07/02 18:54:29 /Users/macbookpro/Documents/juancx/SERVIDORES/Desafíos/segundo/music-app/pkg/system/messages/repository_psql.go:80: %!(EXTRA string= - couldn't execute GetByID Message: %v, *pq.Error=pq: relation "public.messages" does not exist)
ERROR: 2024/07/02 18:54:29 /Users/macbookpro/Documents/juancx/SERVIDORES/Desafíos/segundo/music-app/pkg/system/messages/application_service.go:73:   - couldn't getByID row: pq: relation "public.messages" does not exist
ERROR: 2024/07/02 18:55:00 /Users/macbookpro/Documents/juancx/SERVIDORES/Desafíos/segundo/music-app/pkg/system/messages/repository_psql.go:80: %!(EXTRA string= - couldn't execute GetByID Message: %v, *pq.Error=pq: relation "public.messages" does not exist)
ERROR: 2024/07/02 18:55:00 /Users/macbookpro/Documents/juancx/SERVIDORES/Desafíos/segundo/music-app/pkg/system/messages/application_service.go:73:   - couldn't getByID row: pq: relation "public.messages" does not exist
ERROR: 2024/07/02 18:55:09 /Users/macbookpro/Documents/juancx/SERVIDORES/Desafíos/segundo/music-app/pkg/system/messages/repository_psql.go:80: %!(EXTRA string= - couldn't execute GetByID Message: %v, *pq.Error=pq: relation "public.messages" does not exist)
ERROR: 2024/07/02 18:55:09 /Users/macbookpro/Documents/juancx/SERVIDORES/Desafíos/segundo/music-app/pkg/system/messages/application_service.go:73:   - couldn't getByID row: pq: relation "public.messages" does not exist
ERROR: 2024/07/02 18:55:29 /Users/macbookpro/Documents/juancx/SERVIDORES/Desafíos/segundo/music-app/api/handler/albums/handler.go:191: id request is not a valid uuid
ERROR: 2024/07/02 18:55:29 /Users/macbookpro/Documents/juancx/SERVIDORES/Desafíos/segundo/music-app/pkg/system/messages/repository_psql.go:80: %!(EXTRA string= - couldn't execute GetByID Message: %v, *pq.Error=pq: relation "public.messages" does not exist)
ERROR: 2024/07/02 18:55:29 /Users/macbookpro/Documents/juancx/SERVIDORES/Desafíos/segundo/music-app/pkg/system/messages/application_service.go:73:   - couldn't getByID row: pq: relation "public.messages" does not exist
ERROR: 2024/07/02 18:56:44 /Users/macbookpro/Documents/juancx/SERVIDORES/Desafíos/segundo/music-app/api/handler/albums/handler.go:191: id request is not a valid uuid
ERROR: 2024/07/02 18:57:22 /Users/macbookpro/Documents/juancx/SERVIDORES/Desafíos/segundo/music-app/pkg/system/messages/repository_psql.go:80: %!(EXTRA string= - couldn't execute GetByID Message: %v, *pq.Error=pq: relation "public.messages" does not exist)
ERROR: 2024/07/02 18:57:22 /Users/macbookpro/Documents/juancx/SERVIDORES/Desafíos/segundo/music-app/pkg/system/messages/application_service.go:73:   - couldn't getByID row: pq: relation "public.messages" does not exist
ERROR: 2024/07/02 18:57:34 /Users/macbookpro/Documents/juancx/SERVIDORES/Desafíos/segundo/music-app/pkg/system/messages/repository_psql.go:80: %!(EXTRA string= - couldn't execute GetByID Message: %v, *pq.Error=pq: relation "public.messages" does not exist)
ERROR: 2024/07/02 18:57:34 /Users/macbookpro/Documents/juancx/SERVIDORES/Desafíos/segundo/music-app/pkg/system/messages/application_service.go:73:   - couldn't getByID row: pq: relation "public.messages" does not exist
ERROR: 2024/07/02 18:57:51 /Users/macbookpro/Documents/juancx/SERVIDORES/Desafíos/segundo/music-app/pkg/system/messages/repository_psql.go:80: %!(EXTRA string= - couldn't execute GetByID Message: %v, *pq.Error=pq: relation "public.messages" does not exist)
ERROR: 2024/07/02 18:57:51 /Users/macbookpro/Documents/juancx/SERVIDORES/Desafíos/segundo/music-app/pkg/system/messages/application_service.go:73:   - couldn't getByID row: pq: relation "public.messages" does not exist
ERROR: 2024/07/02 19:51:46 /Users/macbookpro/Documents/juancx/SERVIDORES/Desafíos/segundo/music-app/pkg/system/messages/repository_psql.go:80: %!(EXTRA string= - couldn't execute GetByID Message: %v, *pq.Error=pq: relation "public.messages" does not exist)
ERROR: 2024/07/02 19:51:46 /Users/macbookpro/Documents/juancx/SERVIDORES/Desafíos/segundo/music-app/pkg/system/messages/application_service.go:73:   - couldn't getByID row: pq: relation "public.messages" does not exist
ERROR: 2024/07/02 19:51:56 /Users/macbookpro/Documents/juancx/SERVIDORES/Desafíos/segundo/music-app/pkg/system/messages/repository_psql.go:80: %!(EXTRA string= - couldn't execute GetByID Message: %v, *pq.Error=pq: relation "public.messages" does not exist)
ERROR: 2024/07/02 19:51:56 /Users/macbookpro/Documents/juancx/SERVIDORES/Desafíos/segundo/music-app/pkg/system/messages/application_service.go:73:   - couldn't getByID row: pq: relation "public.messages" does not exist
ERROR: 2024/07/02 19:53:52 /Users/macbookpro/Documents/juancx/SERVIDORES/Desafíos/segundo/music-app/pkg/system/messages/repository_psql.go:80: %!(EXTRA string= - couldn't execute GetByID Message: %v, *pq.Error=pq: relation "public.messages" does not exist)
ERROR: 2024/07/02 19:53:52 /Users/macbookpro/Documents/juancx/SERVIDORES/Desafíos/segundo/music-app/pkg/system/messages/application_service.go:73:   - couldn't getByID row: pq: relation "public.messages" does not exist
ERROR: 2024/07/02 19:54:06 /Users/macbookpro/Documents/juancx/SERVIDORES/Desafíos/segundo/music-app/pkg/system/messages/repository_psql.go:80: %!(EXTRA string= - couldn't execute GetByID Message: %v, *pq.Error=pq: relation "public.messages" does not exist)
ERROR: 2024/07/02 19:54:06 /Users/macbookpro/Documents/juancx/SERVIDORES/Desafíos/segundo/music-app/pkg/system/messages/application_service.go:73:   - couldn't getByID row: pq: relation "public.messages" does not exist
ERROR: 2024/07/02 19:55:13 /Users/macbookpro/Documents/juancx/SERVIDORES/Desafíos/segundo/music-app/pkg/system/messages/repository_psql.go:80: %!(EXTRA string= - couldn't execute GetByID Message: %v, *pq.Error=pq: relation "public.messages" does not exist)
ERROR: 2024/07/02 19:55:13 /Users/macbookpro/Documents/juancx/SERVIDORES/Desafíos/segundo/music-app/pkg/system/messages/application_service.go:73:   - couldn't getByID row: pq: relation "public.messages" does not exist
ERROR: 2024/07/02 19:55:29 /Users/macbookpro/Documents/juancx/SERVIDORES/Desafíos/segundo/music-app/pkg/system/messages/repository_psql.go:80: %!(EXTRA string= - couldn't execute GetByID Message: %v, *pq.Error=pq: relation "public.messages" does not exist)
ERROR: 2024/07/02 19:55:29 /Users/macbookpro/Documents/juancx/SERVIDORES/Desafíos/segundo/music-app/pkg/system/messages/application_service.go:73:   - couldn't getByID row: pq: relation "public.messages" does not exist
ERROR: 2024/07/02 19:56:06 /Users/macbookpro/Documents/juancx/SERVIDORES/Desafíos/segundo/music-app/pkg/system/messages/repository_psql.go:80: %!(EXTRA string= - couldn't execute GetByID Message: %v, *pq.Error=pq: relation "public.messages" does not exist)
ERROR: 2024/07/02 19:56:06 /Users/macbookpro/Documents/juancx/SERVIDORES/Desafíos/segundo/music-app/pkg/system/messages/application_service.go:73:   - couldn't getByID row: pq: relation "public.messages" does not exist
ERROR: 2024/07/02 19:56:15 /Users/macbookpro/Documents/juancx/SERVIDORES/Desafíos/segundo/music-app/pkg/system/messages/repository_psql.go:80: %!(EXTRA string= - couldn't execute GetByID Message: %v, *pq.Error=pq: relation "public.messages" does not exist)
ERROR: 2024/07/02 19:56:15 /Users/macbookpro/Documents/juancx/SERVIDORES/Desafíos/segundo/music-app/pkg/system/messages/application_service.go:73:   - couldn't getByID row: pq: relation "public.messages" does not exist
ERROR: 2024/07/02 19:56:24 /Users/macbookpro/Documents/juancx/SERVIDORES/Desafíos/segundo/music-app/pkg/system/messages/repository_psql.go:80: %!(EXTRA string= - couldn't execute GetByID Message: %v, *pq.Error=pq: relation "public.messages" does not exist)
ERROR: 2024/07/02 19:56:24 /Users/macbookpro/Documents/juancx/SERVIDORES/Desafíos/segundo/music-app/pkg/system/messages/application_service.go:73:   - couldn't getByID row: pq: relation "public.messages" does not exist
ERROR: 2024/07/02 19:57:09 /Users/macbookpro/Documents/juancx/SERVIDORES/Desafíos/segundo/music-app/pkg/system/messages/repository_psql.go:80: %!(EXTRA string= - couldn't execute GetByID Message: %v, *pq.Error=pq: relation "public.messages" does not exist)
ERROR: 2024/07/02 19:57:09 /Users/macbookpro/Documents/juancx/SERVIDORES/Desafíos/segundo/music-app/pkg/system/messages/application_service.go:73:   - couldn't getByID row: pq: relation "public.messages" does not exist
ERROR: 2024/07/02 19:57:28 /Users/macbookpro/Documents/juancx/SERVIDORES/Desafíos/segundo/music-app/pkg/system/messages/repository_psql.go:80: %!(EXTRA string= - couldn't execute GetByID Message: %v, *pq.Error=pq: relation "public.messages" does not exist)
ERROR: 2024/07/02 19:57:28 /Users/macbookpro/Documents/juancx/SERVIDORES/Desafíos/segundo/music-app/pkg/system/messages/application_service.go:73:   - couldn't getByID row: pq: relation "public.messages" does not exist
